\BOOKMARK [0][-]{dedication.0}{Dedicat\363ria}{}
\BOOKMARK [0][-]{acknowledgements.0}{Agradecimentos}{}
\BOOKMARK [0][-]{resumo.0}{Abstract}{}
\BOOKMARK [0][-]{abstract.0}{Abstract}{}
\BOOKMARK [0][-]{chapter.1}{Introdu\347\343o}{}
\BOOKMARK [0][-]{chapter.2}{Fundamentos b\341sicos}{}
\BOOKMARK [1][-]{section.2.1}{Sistemas Multiagentes}{chapter.2}
\BOOKMARK [2][-]{subsection.2.1.1}{Intelig\352ncia artificial}{section.2.1}
\BOOKMARK [2][-]{subsection.2.1.2}{Agente}{section.2.1}
\BOOKMARK [2][-]{subsection.2.1.3}{Arquitetura de agentes}{section.2.1}
\BOOKMARK [2][-]{subsection.2.1.4}{Sistemas Multiagentes}{section.2.1}
\BOOKMARK [1][-]{section.2.2}{Dependabilidade}{chapter.2}
\BOOKMARK [1][-]{section.2.3}{Sistemas Distribu\355dos}{chapter.2}
\BOOKMARK [2][-]{subsection.2.3.1}{Introdu\347\343o}{section.2.3}
\BOOKMARK [2][-]{subsection.2.3.2}{Arquitetura}{section.2.3}
\BOOKMARK [2][-]{subsection.2.3.3}{Roteamento}{section.2.3}
\BOOKMARK [1][-]{section.2.4}{JAMA}{chapter.2}
\BOOKMARK [2][-]{subsection.2.4.1}{Ambiente}{section.2.4}
\BOOKMARK [2][-]{subsection.2.4.2}{Adaptador de rede}{section.2.4}
\BOOKMARK [2][-]{subsection.2.4.3}{Barramento de eventos}{section.2.4}
\BOOKMARK [2][-]{subsection.2.4.4}{Agente}{section.2.4}
\BOOKMARK [1][-]{section.2.5}{Desafios desse trabalho}{chapter.2}
\BOOKMARK [0][-]{section*.16}{Refer\352ncias}{}
